<?xml version="1.0" encoding="UTF-8"?>
<!-- Generated by org.testng.reporters.JUnitReportReporter -->
<testsuite hostname="kishorek-lt" name="io.seetest.examples.WebUrlDeviceTest" tests="1" failures="0" timestamp="5 Dec 2018 14:14:03 GMT" time="37.441" errors="0">
  <testcase name="urlWebTest" time="37.441" classname="io.seetest.examples.WebUrlDeviceTest"/>
</testsuite> <!-- io.seetest.examples.WebUrlDeviceTest -->
