<?xml version="1.0" encoding="UTF-8"?>
<!-- Generated by org.testng.reporters.JUnitReportReporter -->
<testsuite hostname="kishorek-lt" name="io.seetest.examples.WebUrlSpecificDeviceTest" tests="1" failures="0" timestamp="5 Dec 2018 15:08:14 GMT" time="21.897" errors="0">
  <testcase name="urlWebTest" time="21.897" classname="io.seetest.examples.WebUrlSpecificDeviceTest"/>
</testsuite> <!-- io.seetest.examples.WebUrlSpecificDeviceTest -->
