<?xml version="1.0" encoding="UTF-8"?>
<!-- Generated by org.testng.reporters.JUnitReportReporter -->
<testsuite hostname="kishorek-lt" name="io.seetest.examples.WebUrlResevedDeviceTest" tests="1" failures="0" timestamp="5 Dec 2018 14:14:03 GMT" time="56.030" errors="0">
  <testcase name="urlWebTest" time="56.030" classname="io.seetest.examples.WebUrlResevedDeviceTest"/>
</testsuite> <!-- io.seetest.examples.WebUrlResevedDeviceTest -->
