<?xml version="1.0" encoding="UTF-8"?>
<!-- Generated by org.testng.reporters.JUnitReportReporter -->
<testsuite hostname="kishorek-lt" name="io.seetest.examples.AndroidApplicationTest" tests="1" failures="0" timestamp="5 Dec 2018 14:51:41 GMT" time="22.864" errors="0">
  <testcase name="eriBankLoginTest" time="22.864" classname="io.seetest.examples.AndroidApplicationTest"/>
</testsuite> <!-- io.seetest.examples.AndroidApplicationTest -->
