<?xml version="1.0" encoding="UTF-8"?>
<!-- Generated by org.testng.reporters.JUnitReportReporter -->
<testsuite hostname="kishorek-lt" name="io.seetest.examples.AppReservedDeviceTest" tests="1" failures="0" timestamp="5 Dec 2018 14:14:03 GMT" time="14.378" errors="0">
  <testcase name="eriBankLoginTest" time="14.378" classname="io.seetest.examples.AppReservedDeviceTest"/>
</testsuite> <!-- io.seetest.examples.AppReservedDeviceTest -->
